2009.12.15 11:46 B C:\WEBSITES\motels\monaco\BUILD\images\bg_dia1.gif --> vernalmedia.com /httpdocs/clientwork/monaco/images bg_dia1.gif
2009.12.15 11:46 B C:\WEBSITES\motels\monaco\BUILD\images\bottom_body.gif --> vernalmedia.com /httpdocs/clientwork/monaco/images bottom_body.gif
2009.12.15 11:46 B C:\WEBSITES\motels\monaco\BUILD\images\bottom_footer.gif --> vernalmedia.com /httpdocs/clientwork/monaco/images bottom_footer.gif
2009.12.15 11:46 B C:\WEBSITES\motels\monaco\BUILD\images\bottom_left_corner.gif --> vernalmedia.com /httpdocs/clientwork/monaco/images bottom_left_corner.gif
2009.12.15 11:46 B C:\WEBSITES\motels\monaco\BUILD\images\bottom_line.gif --> vernalmedia.com /httpdocs/clientwork/monaco/images bottom_line.gif
2009.12.15 11:46 B C:\WEBSITES\motels\monaco\BUILD\images\bottom_right_corner.gif --> vernalmedia.com /httpdocs/clientwork/monaco/images bottom_right_corner.gif
2009.12.15 11:46 B C:\WEBSITES\motels\monaco\BUILD\images\left_bg.gif --> vernalmedia.com /httpdocs/clientwork/monaco/images left_bg.gif
2009.12.15 11:46 B C:\WEBSITES\motels\monaco\BUILD\images\nav.gif --> vernalmedia.com /httpdocs/clientwork/monaco/images nav.gif
2009.12.15 11:46 B C:\WEBSITES\motels\monaco\BUILD\images\palms.gif --> vernalmedia.com /httpdocs/clientwork/monaco/images palms.gif
2009.12.15 11:46 B C:\WEBSITES\motels\monaco\BUILD\images\palms_anim.gif --> vernalmedia.com /httpdocs/clientwork/monaco/images palms_anim.gif
2009.12.15 11:46 B C:\WEBSITES\motels\monaco\BUILD\images\palms_anim2.gif --> vernalmedia.com /httpdocs/clientwork/monaco/images palms_anim2.gif
2009.12.15 11:46 B C:\WEBSITES\motels\monaco\BUILD\images\right_bg.gif --> vernalmedia.com /httpdocs/clientwork/monaco/images right_bg.gif
2009.12.15 11:46 B C:\WEBSITES\motels\monaco\BUILD\images\slideshow.gif --> vernalmedia.com /httpdocs/clientwork/monaco/images slideshow.gif
2009.12.15 11:46 B C:\WEBSITES\motels\monaco\BUILD\images\top_address.gif --> vernalmedia.com /httpdocs/clientwork/monaco/images top_address.gif
2009.12.15 11:46 B C:\WEBSITES\motels\monaco\BUILD\images\top_crown.gif --> vernalmedia.com /httpdocs/clientwork/monaco/images top_crown.gif
2009.12.15 11:46 B C:\WEBSITES\motels\monaco\BUILD\images\top_doowop.gif --> vernalmedia.com /httpdocs/clientwork/monaco/images top_doowop.gif
2009.12.15 11:46 B C:\WEBSITES\motels\monaco\BUILD\images\top_left.gif --> vernalmedia.com /httpdocs/clientwork/monaco/images top_left.gif
2009.12.15 11:46 B C:\WEBSITES\motels\monaco\BUILD\images\top_left_corner.gif --> vernalmedia.com /httpdocs/clientwork/monaco/images top_left_corner.gif
2009.12.15 11:46 B C:\WEBSITES\motels\monaco\BUILD\images\top_logo.gif --> vernalmedia.com /httpdocs/clientwork/monaco/images top_logo.gif
2009.12.15 11:46 B C:\WEBSITES\motels\monaco\BUILD\images\top_reservations.gif --> vernalmedia.com /httpdocs/clientwork/monaco/images top_reservations.gif
2009.12.15 11:46 B C:\WEBSITES\motels\monaco\BUILD\images\top_right.gif --> vernalmedia.com /httpdocs/clientwork/monaco/images top_right.gif
2009.12.15 11:46 B C:\WEBSITES\motels\monaco\BUILD\images\top_right_corner.gif --> vernalmedia.com /httpdocs/clientwork/monaco/images top_right_corner.gif
2009.12.15 13:49 B C:\WEBSITES\motels\monaco\BUILD\images\top_reservations_anim.gif --> vernalmedia.com /httpdocs/clientwork/monaco/images top_reservations_anim.gif
2009.12.15 13:49 B C:\WEBSITES\motels\monaco\BUILD\images\top_reservations_anim2.gif --> vernalmedia.com /httpdocs/clientwork/monaco/images top_reservations_anim2.gif
2009.12.15 13:49 B C:\WEBSITES\motels\monaco\BUILD\images\WS_FTP.LOG --> vernalmedia.com /httpdocs/clientwork/monaco/images WS_FTP.LOG
2009.12.15 14:00 B C:\WEBSITES\motels\monaco\BUILD\images\top_reservations_anim3.gif --> vernalmedia.com /httpdocs/clientwork/monaco/images top_reservations_anim3.gif
2009.12.15 14:00 B C:\WEBSITES\motels\monaco\BUILD\images\WS_FTP.LOG --> vernalmedia.com /httpdocs/clientwork/monaco/images WS_FTP.LOG
2010.01.22 13:54 B C:\websites\motels\monaco\BUILD\images\bg_dia1.gif --> ftp.monacomotelwildwood.com /public_html/NEW_site/images bg_dia1.gif
2010.01.22 13:54 B C:\websites\motels\monaco\BUILD\images\bottom_body.gif --> ftp.monacomotelwildwood.com /public_html/NEW_site/images bottom_body.gif
2010.01.22 13:54 B C:\websites\motels\monaco\BUILD\images\bottom_footer.gif --> ftp.monacomotelwildwood.com /public_html/NEW_site/images bottom_footer.gif
2010.01.22 13:54 B C:\websites\motels\monaco\BUILD\images\bottom_left_corner.gif --> ftp.monacomotelwildwood.com /public_html/NEW_site/images bottom_left_corner.gif
2010.01.22 13:54 B C:\websites\motels\monaco\BUILD\images\bottom_line.gif --> ftp.monacomotelwildwood.com /public_html/NEW_site/images bottom_line.gif
2010.01.22 13:54 B C:\websites\motels\monaco\BUILD\images\bottom_right_corner.gif --> ftp.monacomotelwildwood.com /public_html/NEW_site/images bottom_right_corner.gif
2010.01.22 13:54 B C:\websites\motels\monaco\BUILD\images\left_bg.gif --> ftp.monacomotelwildwood.com /public_html/NEW_site/images left_bg.gif
2010.01.22 13:54 B C:\websites\motels\monaco\BUILD\images\nav.gif --> ftp.monacomotelwildwood.com /public_html/NEW_site/images nav.gif
2010.01.22 13:54 B C:\websites\motels\monaco\BUILD\images\palms.gif --> ftp.monacomotelwildwood.com /public_html/NEW_site/images palms.gif
2010.01.22 13:54 B C:\websites\motels\monaco\BUILD\images\palms_anim.gif --> ftp.monacomotelwildwood.com /public_html/NEW_site/images palms_anim.gif
2010.01.22 13:54 B C:\websites\motels\monaco\BUILD\images\palms_anim2.gif --> ftp.monacomotelwildwood.com /public_html/NEW_site/images palms_anim2.gif
2010.01.22 13:54 B C:\websites\motels\monaco\BUILD\images\rbox_blue_bottom_left.gif --> ftp.monacomotelwildwood.com /public_html/NEW_site/images rbox_blue_bottom_left.gif
2010.01.22 13:54 B C:\websites\motels\monaco\BUILD\images\rbox_blue_bottom_right.gif --> ftp.monacomotelwildwood.com /public_html/NEW_site/images rbox_blue_bottom_right.gif
2010.01.22 13:54 B C:\websites\motels\monaco\BUILD\images\rbox_blue_top_left.gif --> ftp.monacomotelwildwood.com /public_html/NEW_site/images rbox_blue_top_left.gif
2010.01.22 13:54 B C:\websites\motels\monaco\BUILD\images\rbox_blue_top_right.gif --> ftp.monacomotelwildwood.com /public_html/NEW_site/images rbox_blue_top_right.gif
2010.01.22 13:54 B C:\websites\motels\monaco\BUILD\images\rbox_white_bottom_left.gif --> ftp.monacomotelwildwood.com /public_html/NEW_site/images rbox_white_bottom_left.gif
2010.01.22 13:54 B C:\websites\motels\monaco\BUILD\images\rbox_white_bottom_right.gif --> ftp.monacomotelwildwood.com /public_html/NEW_site/images rbox_white_bottom_right.gif
2010.01.22 13:54 B C:\websites\motels\monaco\BUILD\images\rbox_white_top_left.gif --> ftp.monacomotelwildwood.com /public_html/NEW_site/images rbox_white_top_left.gif
2010.01.22 13:54 B C:\websites\motels\monaco\BUILD\images\rbox_white_top_right.gif --> ftp.monacomotelwildwood.com /public_html/NEW_site/images rbox_white_top_right.gif
2010.01.22 13:54 B C:\websites\motels\monaco\BUILD\images\right_bg.gif --> ftp.monacomotelwildwood.com /public_html/NEW_site/images right_bg.gif
2010.01.22 13:54 B C:\websites\motels\monaco\BUILD\images\slideshow.gif --> ftp.monacomotelwildwood.com /public_html/NEW_site/images slideshow.gif
2010.01.22 13:54 B C:\websites\motels\monaco\BUILD\images\spacer.gif --> ftp.monacomotelwildwood.com /public_html/NEW_site/images spacer.gif
2010.01.22 13:54 B C:\websites\motels\monaco\BUILD\images\top_address.gif --> ftp.monacomotelwildwood.com /public_html/NEW_site/images top_address.gif
2010.01.22 13:54 B C:\websites\motels\monaco\BUILD\images\top_crown.gif --> ftp.monacomotelwildwood.com /public_html/NEW_site/images top_crown.gif
2010.01.22 13:54 B C:\websites\motels\monaco\BUILD\images\top_doowop.gif --> ftp.monacomotelwildwood.com /public_html/NEW_site/images top_doowop.gif
2010.01.22 13:54 B C:\websites\motels\monaco\BUILD\images\top_left.gif --> ftp.monacomotelwildwood.com /public_html/NEW_site/images top_left.gif
2010.01.22 13:54 B C:\websites\motels\monaco\BUILD\images\top_left_corner.gif --> ftp.monacomotelwildwood.com /public_html/NEW_site/images top_left_corner.gif
2010.01.22 13:54 B C:\websites\motels\monaco\BUILD\images\top_logo.gif --> ftp.monacomotelwildwood.com /public_html/NEW_site/images top_logo.gif
2010.01.22 13:54 B C:\websites\motels\monaco\BUILD\images\top_reservations.gif --> ftp.monacomotelwildwood.com /public_html/NEW_site/images top_reservations.gif
2010.01.22 13:54 B C:\websites\motels\monaco\BUILD\images\top_reservations_anim.gif --> ftp.monacomotelwildwood.com /public_html/NEW_site/images top_reservations_anim.gif
2010.01.22 13:54 B C:\websites\motels\monaco\BUILD\images\top_reservations_anim2.gif --> ftp.monacomotelwildwood.com /public_html/NEW_site/images top_reservations_anim2.gif
2010.01.22 13:54 B C:\websites\motels\monaco\BUILD\images\top_reservations_anim3.gif --> ftp.monacomotelwildwood.com /public_html/NEW_site/images top_reservations_anim3.gif
2010.01.22 13:54 B C:\websites\motels\monaco\BUILD\images\top_right.gif --> ftp.monacomotelwildwood.com /public_html/NEW_site/images top_right.gif
2010.01.22 13:54 B C:\websites\motels\monaco\BUILD\images\top_right_corner.gif --> ftp.monacomotelwildwood.com /public_html/NEW_site/images top_right_corner.gif
